{"/Users/andrewchekh/Documents/projects/nodejs/linked_lib/linkedin-lib/src/auth.js": {"path":"/Users/andrewchekh/Documents/projects/nodejs/linked_lib/linkedin-lib/src/auth.js","statementMap":{"0":{"start":{"line":1,"column":17},"end":{"line":1,"column":66}},"1":{"start":{"line":2,"column":18},"end":{"line":2,"column":65}},"2":{"start":{"line":3,"column":21},"end":{"line":3,"column":59}},"3":{"start":{"line":6,"column":19},"end":{"line":6,"column":49}},"4":{"start":{"line":7,"column":2},"end":{"line":9,"column":3}},"5":{"start":{"line":8,"column":4},"end":{"line":8,"column":53}},"6":{"start":{"line":11,"column":17},"end":{"line":17,"column":4}},"7":{"start":{"line":19,"column":2},"end":{"line":19,"column":44}},"8":{"start":{"line":23,"column":19},"end":{"line":23,"column":49}},"9":{"start":{"line":24,"column":23},"end":{"line":24,"column":57}},"10":{"start":{"line":26,"column":2},"end":{"line":28,"column":3}},"11":{"start":{"line":27,"column":4},"end":{"line":27,"column":81}},"12":{"start":{"line":30,"column":17},"end":{"line":36,"column":4}},"13":{"start":{"line":38,"column":14},"end":{"line":42,"column":4}},"14":{"start":{"line":44,"column":15},"end":{"line":44,"column":31}},"15":{"start":{"line":45,"column":2},"end":{"line":47,"column":3}},"16":{"start":{"line":46,"column":4},"end":{"line":46,"column":143}},"17":{"start":{"line":49,"column":2},"end":{"line":49,"column":14}},"18":{"start":{"line":53,"column":19},"end":{"line":53,"column":49}},"19":{"start":{"line":54,"column":23},"end":{"line":54,"column":57}},"20":{"start":{"line":56,"column":2},"end":{"line":58,"column":3}},"21":{"start":{"line":57,"column":4},"end":{"line":57,"column":81}},"22":{"start":{"line":60,"column":17},"end":{"line":65,"column":4}},"23":{"start":{"line":67,"column":14},"end":{"line":71,"column":4}},"24":{"start":{"line":73,"column":15},"end":{"line":73,"column":31}},"25":{"start":{"line":74,"column":2},"end":{"line":76,"column":3}},"26":{"start":{"line":75,"column":4},"end":{"line":75,"column":143}},"27":{"start":{"line":78,"column":2},"end":{"line":78,"column":14}},"28":{"start":{"line":82,"column":14},"end":{"line":84,"column":4}},"29":{"start":{"line":86,"column":15},"end":{"line":86,"column":31}},"30":{"start":{"line":87,"column":2},"end":{"line":89,"column":3}},"31":{"start":{"line":88,"column":4},"end":{"line":88,"column":108}},"32":{"start":{"line":91,"column":2},"end":{"line":91,"column":14}},"33":{"start":{"line":94,"column":0},"end":{"line":99,"column":2}}},"fnMap":{"0":{"name":"getAuthorizationUrl","decl":{"start":{"line":5,"column":9},"end":{"line":5,"column":28}},"loc":{"start":{"line":5,"column":102},"end":{"line":20,"column":1}},"line":5},"1":{"name":"getAccessToken","decl":{"start":{"line":22,"column":15},"end":{"line":22,"column":29}},"loc":{"start":{"line":22,"column":49},"end":{"line":50,"column":1}},"line":22},"2":{"name":"refreshAccessToken","decl":{"start":{"line":52,"column":15},"end":{"line":52,"column":33}},"loc":{"start":{"line":52,"column":48},"end":{"line":79,"column":1}},"line":52},"3":{"name":"getUserInfo","decl":{"start":{"line":81,"column":15},"end":{"line":81,"column":26}},"loc":{"start":{"line":81,"column":40},"end":{"line":92,"column":1}},"line":81}},"branchMap":{"0":{"loc":{"start":{"line":5,"column":42},"end":{"line":5,"column":88}},"type":"default-arg","locations":[{"start":{"line":5,"column":50},"end":{"line":5,"column":88}}],"line":5},"1":{"loc":{"start":{"line":5,"column":90},"end":{"line":5,"column":100}},"type":"default-arg","locations":[{"start":{"line":5,"column":98},"end":{"line":5,"column":100}}],"line":5},"2":{"loc":{"start":{"line":7,"column":2},"end":{"line":9,"column":3}},"type":"if","locations":[{"start":{"line":7,"column":2},"end":{"line":9,"column":3}},{"start":{},"end":{}}],"line":7},"3":{"loc":{"start":{"line":26,"column":2},"end":{"line":28,"column":3}},"type":"if","locations":[{"start":{"line":26,"column":2},"end":{"line":28,"column":3}},{"start":{},"end":{}}],"line":26},"4":{"loc":{"start":{"line":26,"column":6},"end":{"line":26,"column":32}},"type":"binary-expr","locations":[{"start":{"line":26,"column":6},"end":{"line":26,"column":15}},{"start":{"line":26,"column":19},"end":{"line":26,"column":32}}],"line":26},"5":{"loc":{"start":{"line":45,"column":2},"end":{"line":47,"column":3}},"type":"if","locations":[{"start":{"line":45,"column":2},"end":{"line":47,"column":3}},{"start":{},"end":{}}],"line":45},"6":{"loc":{"start":{"line":46,"column":34},"end":{"line":46,"column":96}},"type":"binary-expr","locations":[{"start":{"line":46,"column":34},"end":{"line":46,"column":56}},{"start":{"line":46,"column":60},"end":{"line":46,"column":70}},{"start":{"line":46,"column":74},"end":{"line":46,"column":96}}],"line":46},"7":{"loc":{"start":{"line":56,"column":2},"end":{"line":58,"column":3}},"type":"if","locations":[{"start":{"line":56,"column":2},"end":{"line":58,"column":3}},{"start":{},"end":{}}],"line":56},"8":{"loc":{"start":{"line":56,"column":6},"end":{"line":56,"column":32}},"type":"binary-expr","locations":[{"start":{"line":56,"column":6},"end":{"line":56,"column":15}},{"start":{"line":56,"column":19},"end":{"line":56,"column":32}}],"line":56},"9":{"loc":{"start":{"line":74,"column":2},"end":{"line":76,"column":3}},"type":"if","locations":[{"start":{"line":74,"column":2},"end":{"line":76,"column":3}},{"start":{},"end":{}}],"line":74},"10":{"loc":{"start":{"line":75,"column":34},"end":{"line":75,"column":96}},"type":"binary-expr","locations":[{"start":{"line":75,"column":34},"end":{"line":75,"column":56}},{"start":{"line":75,"column":60},"end":{"line":75,"column":70}},{"start":{"line":75,"column":74},"end":{"line":75,"column":96}}],"line":75},"11":{"loc":{"start":{"line":87,"column":2},"end":{"line":89,"column":3}},"type":"if","locations":[{"start":{"line":87,"column":2},"end":{"line":89,"column":3}},{"start":{},"end":{}}],"line":87}},"s":{"0":1,"1":1,"2":1,"3":3,"4":3,"5":1,"6":2,"7":2,"8":3,"9":3,"10":3,"11":1,"12":2,"13":2,"14":2,"15":2,"16":1,"17":1,"18":1,"19":1,"20":1,"21":0,"22":1,"23":1,"24":1,"25":1,"26":0,"27":1,"28":1,"29":1,"30":1,"31":0,"32":1,"33":1},"f":{"0":3,"1":3,"2":1,"3":1},"b":{"0":[2],"1":[2],"2":[1,2],"3":[1,2],"4":[3,2],"5":[1,1],"6":[1,1,0],"7":[0,1],"8":[1,1],"9":[0,1],"10":[0,0,0],"11":[0,1]},"_coverageSchema":"1a1c01bbd47fc00a2c39e90264f33305004495a9","hash":"57dee68c06b8eff1ab545e39af5d06b1b9919708"}
,"/Users/andrewchekh/Documents/projects/nodejs/linked_lib/linkedin-lib/src/post.js": {"path":"/Users/andrewchekh/Documents/projects/nodejs/linked_lib/linkedin-lib/src/post.js","statementMap":{"0":{"start":{"line":1,"column":17},"end":{"line":1,"column":43}},"1":{"start":{"line":2,"column":22},"end":{"line":2,"column":47}},"2":{"start":{"line":3,"column":28},"end":{"line":3,"column":73}},"3":{"start":{"line":6,"column":2},"end":{"line":9,"column":4}},"4":{"start":{"line":13,"column":14},"end":{"line":13,"column":39}},"5":{"start":{"line":14,"column":15},"end":{"line":14,"column":77}},"6":{"start":{"line":14,"column":65},"end":{"line":14,"column":69}},"7":{"start":{"line":15,"column":2},"end":{"line":17,"column":3}},"8":{"start":{"line":16,"column":4},"end":{"line":16,"column":128}},"9":{"start":{"line":18,"column":2},"end":{"line":18,"column":40}},"10":{"start":{"line":26,"column":6},"end":{"line":26,"column":13}},"11":{"start":{"line":28,"column":15},"end":{"line":40,"column":3}},"12":{"start":{"line":42,"column":2},"end":{"line":50,"column":3}},"13":{"start":{"line":43,"column":4},"end":{"line":49,"column":6}},"14":{"start":{"line":52,"column":28},"end":{"line":59,"column":4}},"15":{"start":{"line":61,"column":16},"end":{"line":61,"column":60}},"16":{"start":{"line":62,"column":13},"end":{"line":62,"column":48}},"17":{"start":{"line":63,"column":2},"end":{"line":63,"column":45}},"18":{"start":{"line":67,"column":31},"end":{"line":83,"column":4}},"19":{"start":{"line":85,"column":37},"end":{"line":85,"column":53}},"20":{"start":{"line":86,"column":20},"end":{"line":86,"column":107}},"21":{"start":{"line":88,"column":14},"end":{"line":92,"column":4}},"22":{"start":{"line":94,"column":2},"end":{"line":96,"column":3}},"23":{"start":{"line":95,"column":4},"end":{"line":95,"column":127}},"24":{"start":{"line":98,"column":2},"end":{"line":98,"column":15}},"25":{"start":{"line":102,"column":16},"end":{"line":102,"column":80}},"26":{"start":{"line":104,"column":21},"end":{"line":104,"column":51}},"27":{"start":{"line":106,"column":15},"end":{"line":124,"column":3}},"28":{"start":{"line":126,"column":28},"end":{"line":133,"column":4}},"29":{"start":{"line":135,"column":16},"end":{"line":135,"column":60}},"30":{"start":{"line":136,"column":13},"end":{"line":136,"column":48}},"31":{"start":{"line":137,"column":2},"end":{"line":137,"column":45}},"32":{"start":{"line":141,"column":19},"end":{"line":143,"column":35}},"33":{"start":{"line":145,"column":14},"end":{"line":145,"column":70}},"34":{"start":{"line":147,"column":2},"end":{"line":154,"column":5}},"35":{"start":{"line":156,"column":2},"end":{"line":156,"column":42}},"36":{"start":{"line":159,"column":0},"end":{"line":164,"column":2}}},"fnMap":{"0":{"name":"_headers","decl":{"start":{"line":5,"column":9},"end":{"line":5,"column":17}},"loc":{"start":{"line":5,"column":31},"end":{"line":10,"column":1}},"line":5},"1":{"name":"_request","decl":{"start":{"line":12,"column":15},"end":{"line":12,"column":23}},"loc":{"start":{"line":12,"column":38},"end":{"line":19,"column":1}},"line":12},"2":{"name":"(anonymous_2)","decl":{"start":{"line":14,"column":59},"end":{"line":14,"column":60}},"loc":{"start":{"line":14,"column":65},"end":{"line":14,"column":69}},"line":14},"3":{"name":"createPost","decl":{"start":{"line":21,"column":15},"end":{"line":21,"column":25}},"loc":{"start":{"line":21,"column":76},"end":{"line":64,"column":1}},"line":21},"4":{"name":"uploadImage","decl":{"start":{"line":66,"column":15},"end":{"line":66,"column":26}},"loc":{"start":{"line":66,"column":88},"end":{"line":99,"column":1}},"line":66},"5":{"name":"createPostWithImage","decl":{"start":{"line":101,"column":15},"end":{"line":101,"column":34}},"loc":{"start":{"line":101,"column":108},"end":{"line":138,"column":1}},"line":101},"6":{"name":"deletePost","decl":{"start":{"line":140,"column":15},"end":{"line":140,"column":25}},"loc":{"start":{"line":140,"column":52},"end":{"line":157,"column":1}},"line":140}},"branchMap":{"0":{"loc":{"start":{"line":14,"column":15},"end":{"line":14,"column":77}},"type":"cond-expr","locations":[{"start":{"line":14,"column":36},"end":{"line":14,"column":70}},{"start":{"line":14,"column":73},"end":{"line":14,"column":77}}],"line":14},"1":{"loc":{"start":{"line":15,"column":2},"end":{"line":17,"column":3}},"type":"if","locations":[{"start":{"line":15,"column":2},"end":{"line":17,"column":3}},{"start":{},"end":{}}],"line":15},"2":{"loc":{"start":{"line":21,"column":62},"end":{"line":21,"column":74}},"type":"default-arg","locations":[{"start":{"line":21,"column":72},"end":{"line":21,"column":74}}],"line":21},"3":{"loc":{"start":{"line":23,"column":4},"end":{"line":23,"column":25}},"type":"default-arg","locations":[{"start":{"line":23,"column":17},"end":{"line":23,"column":25}}],"line":23},"4":{"loc":{"start":{"line":24,"column":4},"end":{"line":24,"column":32}},"type":"default-arg","locations":[{"start":{"line":24,"column":21},"end":{"line":24,"column":32}}],"line":24},"5":{"loc":{"start":{"line":34,"column":28},"end":{"line":34,"column":56}},"type":"cond-expr","locations":[{"start":{"line":34,"column":38},"end":{"line":34,"column":47}},{"start":{"line":34,"column":50},"end":{"line":34,"column":56}}],"line":34},"6":{"loc":{"start":{"line":42,"column":2},"end":{"line":50,"column":3}},"type":"if","locations":[{"start":{"line":42,"column":2},"end":{"line":50,"column":3}},{"start":{},"end":{}}],"line":42},"7":{"loc":{"start":{"line":61,"column":16},"end":{"line":61,"column":60}},"type":"binary-expr","locations":[{"start":{"line":61,"column":16},"end":{"line":61,"column":42}},{"start":{"line":61,"column":46},"end":{"line":61,"column":54}},{"start":{"line":61,"column":58},"end":{"line":61,"column":60}}],"line":61},"8":{"loc":{"start":{"line":66,"column":64},"end":{"line":66,"column":86}},"type":"default-arg","locations":[{"start":{"line":66,"column":75},"end":{"line":66,"column":86}}],"line":66},"9":{"loc":{"start":{"line":94,"column":2},"end":{"line":96,"column":3}},"type":"if","locations":[{"start":{"line":94,"column":2},"end":{"line":96,"column":3}},{"start":{},"end":{}}],"line":94},"10":{"loc":{"start":{"line":101,"column":94},"end":{"line":101,"column":106}},"type":"default-arg","locations":[{"start":{"line":101,"column":104},"end":{"line":101,"column":106}}],"line":101},"11":{"loc":{"start":{"line":104,"column":21},"end":{"line":104,"column":51}},"type":"binary-expr","locations":[{"start":{"line":104,"column":21},"end":{"line":104,"column":39}},{"start":{"line":104,"column":43},"end":{"line":104,"column":51}}],"line":104},"12":{"loc":{"start":{"line":135,"column":16},"end":{"line":135,"column":60}},"type":"binary-expr","locations":[{"start":{"line":135,"column":16},"end":{"line":135,"column":42}},{"start":{"line":135,"column":46},"end":{"line":135,"column":54}},{"start":{"line":135,"column":58},"end":{"line":135,"column":60}}],"line":135},"13":{"loc":{"start":{"line":141,"column":19},"end":{"line":143,"column":35}},"type":"cond-expr","locations":[{"start":{"line":142,"column":6},"end":{"line":142,"column":17}},{"start":{"line":143,"column":6},"end":{"line":143,"column":35}}],"line":141}},"s":{"0":1,"1":1,"2":1,"3":11,"4":11,"5":11,"6":0,"7":11,"8":1,"9":10,"10":4,"11":4,"12":4,"13":1,"14":4,"15":3,"16":3,"17":3,"18":3,"19":3,"20":3,"21":3,"22":3,"23":0,"24":3,"25":2,"26":2,"27":2,"28":2,"29":2,"30":2,"31":2,"32":2,"33":2,"34":2,"35":2,"36":1},"f":{"0":11,"1":11,"2":0,"3":4,"4":3,"5":2,"6":2},"b":{"0":[9,2],"1":[1,10],"2":[3],"3":[4],"4":[4],"5":[1,3],"6":[1,3],"7":[3,1,0],"8":[0],"9":[0,3],"10":[2],"11":[2,2],"12":[2,1,0],"13":[1,1]},"_coverageSchema":"1a1c01bbd47fc00a2c39e90264f33305004495a9","hash":"3ce611a815d607fa34376b9b0fc2a1c2a1893975"}
}
