TN:
SF:src/auth.js
FN:5,getAuthorizationUrl
FN:22,getAccessToken
FN:52,refreshAccessToken
FN:81,getUserInfo
FNF:4
FNH:4
FNDA:3,getAuthorizationUrl
FNDA:3,getAccessToken
FNDA:1,refreshAccessToken
FNDA:1,getUserInfo
DA:1,1
DA:2,1
DA:3,1
DA:6,3
DA:7,3
DA:8,1
DA:11,2
DA:19,2
DA:23,3
DA:24,3
DA:26,3
DA:27,1
DA:30,2
DA:38,2
DA:44,2
DA:45,2
DA:46,1
DA:49,1
DA:53,1
DA:54,1
DA:56,1
DA:57,0
DA:60,1
DA:67,1
DA:73,1
DA:74,1
DA:75,0
DA:78,1
DA:82,1
DA:86,1
DA:87,1
DA:88,0
DA:91,1
DA:94,1
LF:34
LH:31
BRDA:5,0,0,2
BRDA:5,1,0,2
BRDA:7,2,0,1
BRDA:7,2,1,2
BRDA:26,3,0,1
BRDA:26,3,1,2
BRDA:26,4,0,3
BRDA:26,4,1,2
BRDA:45,5,0,1
BRDA:45,5,1,1
BRDA:46,6,0,1
BRDA:46,6,1,1
BRDA:46,6,2,0
BRDA:56,7,0,0
BRDA:56,7,1,1
BRDA:56,8,0,1
BRDA:56,8,1,1
BRDA:74,9,0,0
BRDA:74,9,1,1
BRDA:75,10,0,0
BRDA:75,10,1,0
BRDA:75,10,2,0
BRDA:87,11,0,0
BRDA:87,11,1,1
BRF:24
BRH:17
end_of_record
TN:
SF:src/post.js
FN:5,_headers
FN:12,_request
FN:14,(anonymous_2)
FN:21,createPost
FN:66,uploadImage
FN:101,createPostWithImage
FN:140,deletePost
FNF:7
FNH:6
FNDA:11,_headers
FNDA:11,_request
FNDA:0,(anonymous_2)
FNDA:4,createPost
FNDA:3,uploadImage
FNDA:2,createPostWithImage
FNDA:2,deletePost
DA:1,1
DA:2,1
DA:3,1
DA:6,11
DA:13,11
DA:14,11
DA:15,11
DA:16,1
DA:18,10
DA:26,4
DA:28,4
DA:42,4
DA:43,1
DA:52,4
DA:61,3
DA:62,3
DA:63,3
DA:67,3
DA:85,3
DA:86,3
DA:88,3
DA:94,3
DA:95,0
DA:98,3
DA:102,2
DA:104,2
DA:106,2
DA:126,2
DA:135,2
DA:136,2
DA:137,2
DA:141,2
DA:145,2
DA:147,2
DA:156,2
DA:159,1
LF:36
LH:35
BRDA:14,0,0,9
BRDA:14,0,1,2
BRDA:15,1,0,1
BRDA:15,1,1,10
BRDA:21,2,0,3
BRDA:23,3,0,4
BRDA:24,4,0,4
BRDA:34,5,0,1
BRDA:34,5,1,3
BRDA:42,6,0,1
BRDA:42,6,1,3
BRDA:61,7,0,3
BRDA:61,7,1,1
BRDA:61,7,2,0
BRDA:66,8,0,0
BRDA:94,9,0,0
BRDA:94,9,1,3
BRDA:101,10,0,2
BRDA:104,11,0,2
BRDA:104,11,1,2
BRDA:135,12,0,2
BRDA:135,12,1,1
BRDA:135,12,2,0
BRDA:141,13,0,1
BRDA:141,13,1,1
BRF:25
BRH:21
end_of_record
